<?xml version="1.0" encoding="UTF-8"?>
<coverage generated="1559141210">
  <project timestamp="1559141210">
    <package name="DrLenux\DataHelper">
      <file name="/home/noname/projects/drlenux/DateHelper/src/DateChange.php">
        <class name="DrLenux\DataHelper\DateChange" namespace="DrLenux\DataHelper">
          <metrics complexity="13" methods="7" coveredmethods="4" conditionals="0" coveredconditionals="0" statements="21" coveredstatements="17" elements="28" coveredelements="21"/>
        </class>
        <line num="46" type="method" name="__construct" visibility="public" complexity="1" crap="1" count="14"/>
        <line num="48" type="stmt" count="14"/>
        <line num="49" type="stmt" count="13"/>
        <line num="54" type="method" name="__toString" visibility="public" complexity="1" crap="2.00" count="0"/>
        <line num="56" type="stmt" count="0"/>
        <line num="62" type="method" name="getDateTime" visibility="public" complexity="1" crap="2.00" count="0"/>
        <line num="64" type="stmt" count="0"/>
        <line num="71" type="method" name="getDate" visibility="public" complexity="1" crap="1" count="13"/>
        <line num="73" type="stmt" count="13"/>
        <line num="82" type="method" name="__call" visibility="public" complexity="7" crap="7.23" count="13"/>
        <line num="84" type="stmt" count="13"/>
        <line num="86" type="stmt" count="13"/>
        <line num="87" type="stmt" count="13"/>
        <line num="88" type="stmt" count="13"/>
        <line num="90" type="stmt" count="13"/>
        <line num="91" type="stmt" count="1"/>
        <line num="93" type="stmt" count="13"/>
        <line num="94" type="stmt" count="13"/>
        <line num="95" type="stmt" count="13"/>
        <line num="96" type="stmt" count="13"/>
        <line num="98" type="stmt" count="0"/>
        <line num="101" type="stmt" count="0"/>
        <line num="109" type="method" name="sub" visibility="protected" complexity="1" crap="1" count="7"/>
        <line num="111" type="stmt" count="7"/>
        <line num="112" type="stmt" count="7"/>
        <line num="119" type="method" name="add" visibility="protected" complexity="1" crap="1" count="7"/>
        <line num="121" type="stmt" count="7"/>
        <line num="122" type="stmt" count="7"/>
        <metrics loc="122" ncloc="69" classes="1" methods="7" coveredmethods="4" conditionals="0" coveredconditionals="0" statements="21" coveredstatements="17" elements="28" coveredelements="21"/>
      </file>
      <file name="/home/noname/projects/drlenux/DateHelper/src/DateFill.php">
        <class name="DrLenux\DataHelper\DateFill" namespace="DrLenux\DataHelper" fullPackage="DrLenux" package="DrLenux">
          <metrics complexity="22" methods="11" coveredmethods="10" conditionals="0" coveredconditionals="0" statements="57" coveredstatements="56" elements="68" coveredelements="66"/>
        </class>
        <line num="74" type="method" name="__call" visibility="public" complexity="2" crap="2" count="3"/>
        <line num="76" type="stmt" count="3"/>
        <line num="77" type="stmt" count="3"/>
        <line num="79" type="stmt" count="3"/>
        <line num="86" type="method" name="fill" visibility="public" complexity="4" crap="4" count="3"/>
        <line num="88" type="stmt" count="3"/>
        <line num="89" type="stmt" count="3"/>
        <line num="90" type="stmt" count="3"/>
        <line num="91" type="stmt" count="1"/>
        <line num="93" type="stmt" count="3"/>
        <line num="94" type="stmt" count="2"/>
        <line num="96" type="stmt" count="1"/>
        <line num="98" type="stmt" count="3"/>
        <line num="99" type="stmt" count="1"/>
        <line num="101" type="stmt" count="3"/>
        <line num="107" type="method" name="fillAscending" visibility="private" complexity="3" crap="3" count="2"/>
        <line num="109" type="stmt" count="2"/>
        <line num="110" type="stmt" count="2"/>
        <line num="111" type="stmt" count="2"/>
        <line num="112" type="stmt" count="2"/>
        <line num="113" type="stmt" count="2"/>
        <line num="115" type="stmt" count="2"/>
        <line num="118" type="stmt" count="2"/>
        <line num="123" type="method" name="fillDescending" visibility="private" complexity="3" crap="3" count="1"/>
        <line num="125" type="stmt" count="1"/>
        <line num="126" type="stmt" count="1"/>
        <line num="127" type="stmt" count="1"/>
        <line num="128" type="stmt" count="1"/>
        <line num="129" type="stmt" count="1"/>
        <line num="131" type="stmt" count="1"/>
        <line num="134" type="stmt" count="1"/>
        <line num="139" type="method" name="fillData" visibility="private" complexity="1" crap="1" count="3"/>
        <line num="141" type="stmt" count="3"/>
        <line num="142" type="stmt" count="3"/>
        <line num="143" type="stmt" count="3"/>
        <line num="144" type="stmt" count="3"/>
        <line num="145" type="stmt" count="3"/>
        <line num="146" type="stmt" count="3"/>
        <line num="151" type="method" name="fillFormat" visibility="private" complexity="1" crap="1" count="3"/>
        <line num="153" type="stmt" count="3"/>
        <line num="154" type="stmt" count="3"/>
        <line num="159" type="method" name="fillInclusive" visibility="private" complexity="1" crap="1" count="3"/>
        <line num="161" type="stmt" count="3"/>
        <line num="162" type="stmt" count="3"/>
        <line num="163" type="stmt" count="3"/>
        <line num="168" type="method" name="fillInterval" visibility="private" complexity="2" crap="2" count="3"/>
        <line num="171" type="stmt" count="3"/>
        <line num="172" type="stmt" count="3"/>
        <line num="174" type="stmt" count="1"/>
        <line num="175" type="stmt" count="1"/>
        <line num="176" type="stmt" count="1"/>
        <line num="178" type="stmt" count="3"/>
        <line num="183" type="method" name="fillFromAndTo" visibility="private" complexity="1" crap="1" count="3"/>
        <line num="185" type="stmt" count="3"/>
        <line num="186" type="stmt" count="3"/>
        <line num="187" type="stmt" count="3"/>
        <line num="189" type="stmt" count="3"/>
        <line num="190" type="stmt" count="3"/>
        <line num="191" type="stmt" count="3"/>
        <line num="193" type="stmt" count="3"/>
        <line num="198" type="method" name="fillTimezone" visibility="private" complexity="3" crap="3.07" count="3"/>
        <line num="201" type="stmt" count="3"/>
        <line num="202" type="stmt" count="3"/>
        <line num="204" type="stmt" count="0"/>
        <line num="206" type="stmt" count="3"/>
        <line num="208" type="stmt" count="3"/>
        <line num="213" type="method" name="getErrors" visibility="public" complexity="1" crap="1" count="1"/>
        <line num="215" type="stmt" count="1"/>
        <metrics loc="216" ncloc="141" classes="1" methods="11" coveredmethods="10" conditionals="0" coveredconditionals="0" statements="57" coveredstatements="56" elements="68" coveredelements="66"/>
      </file>
    </package>
    <metrics files="2" loc="338" ncloc="210" classes="2" methods="18" coveredmethods="14" conditionals="0" coveredconditionals="0" statements="78" coveredstatements="73" elements="96" coveredelements="87"/>
  </project>
</coverage>
